<?xml version="1.0" encoding="UTF-8"?>
<!-- Generated by org.testng.reporters.JUnitReportReporter -->
<testsuite hostname="TYSS-Neha-C-Zutti" failures="0" tests="3" name="com.comcast.crm.contacttest.CreateContactTest" time="41.473" errors="0" timestamp="2024-05-28T16:16:46 IST" skipped="0">
  <testcase classname="com.comcast.crm.contacttest.CreateContactTest" name="CreateContactWithOrganization" time="15.895"/>
  <system-out/>
  <testcase classname="com.comcast.crm.contacttest.CreateContactTest" name="createContactTest" time="9.989"/>
  <system-out/>
  <testcase classname="com.comcast.crm.contacttest.CreateContactTest" name="ccwsupportdate" time="15.589"/>
  <system-out/>
</testsuite> <!-- com.comcast.crm.contacttest.CreateContactTest -->
