<?xml version="1.0" encoding="UTF-8"?>
<!-- Generated by org.testng.reporters.JUnitReportReporter -->
<testsuite hostname="TYSS-Neha-C-Zutti" failures="0" tests="3" name="com.comcast.crm.orgtest.CreateOrganization" time="26.538" errors="0" timestamp="2024-05-28T16:17:23 IST" skipped="0">
  <testcase classname="com.comcast.crm.orgtest.CreateOrganization" name="CreateOrgWithPhoneNumber" time="10.099"/>
  <system-out/>
  <testcase classname="com.comcast.crm.orgtest.CreateOrganization" name="createOrgWithIndustry" time="8.060"/>
  <system-out/>
  <testcase classname="com.comcast.crm.orgtest.CreateOrganization" name="createOrganization" time="8.379"/>
  <system-out/>
</testsuite> <!-- com.comcast.crm.orgtest.CreateOrganization -->
